<?xml version="1.0" encoding="UTF-8"?>
<!-- Generated by org.testng.reporters.JUnitXMLReporter -->
<testsuite ignored="0" hostname="LAPTOP-N8E3DN4O" failures="0" tests="54" name="Surefire test" time="0.263" errors="0" timestamp="2025-05-04T17:12:13 WIB">
  <testcase classname="com.swt.AppTest" name="main_TC1" time="0.018"/>
  <testcase classname="com.swt.AppTest" name="main_TC2" time="0.004"/>
  <testcase classname="com.swt.AppTest" name="main_TC3" time="0.003"/>
  <testcase classname="com.swt.AppTest" name="main_TC4" time="0.002"/>
  <testcase classname="com.swt.AppTest" name="main_TC5" time="0.001"/>
  <testcase classname="com.swt.ComputationTest" name="compute_TC1" time="0.002"/>
  <testcase classname="com.swt.ComputationTest" name="compute_TC2" time="0.0"/>
  <testcase classname="com.swt.ComputationTest" name="compute_TC3" time="0.001"/>
  <testcase classname="com.swt.ComputationTest" name="compute_TC4" time="0.001"/>
  <testcase classname="com.swt.ComputationTest" name="compute_TC5" time="0.0"/>
  <testcase classname="com.swt.OperationTest" name="add_TC1_posInt" time="0.001"/>
  <testcase classname="com.swt.OperationTest" name="add_TC2_negInt" time="0.001"/>
  <testcase classname="com.swt.OperationTest" name="add_TC3_mixInt" time="0.001"/>
  <testcase classname="com.swt.OperationTest" name="add_TC4_mixDec" time="0.001"/>
  <testcase classname="com.swt.OperationTest" name="add_TC5_zero" time="0.001"/>
  <testcase classname="com.swt.OperationTest" name="div_TC1_posInt" time="0.0"/>
  <testcase classname="com.swt.OperationTest" name="div_TC2_negInt" time="0.0"/>
  <testcase classname="com.swt.OperationTest" name="div_TC3_mixInt" time="0.0"/>
  <testcase classname="com.swt.OperationTest" name="div_TC4_posFloat" time="0.0"/>
  <testcase classname="com.swt.OperationTest" name="div_TC5_negFloat" time="0.0"/>
  <testcase classname="com.swt.OperationTest" name="div_TC6_mixFloat" time="0.001"/>
  <testcase classname="com.swt.OperationTest" name="mul_TC1_posInt" time="0.001"/>
  <testcase classname="com.swt.OperationTest" name="mul_TC2_negInt" time="0.0"/>
  <testcase classname="com.swt.OperationTest" name="mul_TC3_mixInt" time="0.0"/>
  <testcase classname="com.swt.OperationTest" name="mul_TC4_mixDec" time="0.0"/>
  <testcase classname="com.swt.OperationTest" name="mul_TC5_zero" time="0.0"/>
  <testcase classname="com.swt.OperationTest" name="sub_TC1_posInt" time="0.0"/>
  <testcase classname="com.swt.OperationTest" name="sub_TC2_negInt" time="0.0"/>
  <testcase classname="com.swt.OperationTest" name="sub_TC3_mixInt" time="0.001"/>
  <testcase classname="com.swt.OperationTest" name="sub_TC4_posFloat" time="0.0"/>
  <testcase classname="com.swt.OperationTest" name="sub_TC5_negFloat" time="0.0"/>
  <testcase classname="com.swt.OperationTest" name="sub_TC6_mixFloat" time="0.0"/>
  <testcase classname="com.swt.OperationTest" name="sub_TC7_zero" time="0.001"/>
  <testcase classname="com.swt.ResultPrinterTest" name="printError_TC1" time="0.002"/>
  <testcase classname="com.swt.ResultPrinterTest" name="printError_TC2" time="0.0"/>
  <testcase classname="com.swt.ResultPrinterTest" name="printError_TC3" time="0.0"/>
  <testcase classname="com.swt.ResultPrinterTest" name="printError_TC4" time="0.001"/>
  <testcase classname="com.swt.ResultPrinterTest" name="printError_TC5" time="0.001"/>
  <testcase classname="com.swt.ResultPrinterTest" name="printResult_TC1" time="0.001"/>
  <testcase classname="com.swt.ValidatorTest" name="checkDivisor_TC1" time="0.001"/>
  <testcase classname="com.swt.ValidatorTest" name="checkDivisor_TC2" time="0.0"/>
  <testcase classname="com.swt.ValidatorTest" name="checkNumeric_TC1" time="0.001"/>
  <testcase classname="com.swt.ValidatorTest" name="checkNumeric_TC2" time="0.0"/>
  <testcase classname="com.swt.ValidatorTest" name="checkNumeric_TC3" time="0.0"/>
  <testcase classname="com.swt.ValidatorTest" name="checkOperator_TC1" time="0.001"/>
  <testcase classname="com.swt.ValidatorTest" name="checkOperator_TC2" time="0.0"/>
  <testcase classname="com.swt.ValidatorTest" name="checkOperator_TC3" time="0.0"/>
  <testcase classname="com.swt.ValidatorTest" name="checkOperator_TC4" time="0.001"/>
  <testcase classname="com.swt.ValidatorTest" name="checkOperator_TC5" time="0.001"/>
  <testcase classname="com.swt.ValidatorTest" name="checkRange_TC1" time="0.001"/>
  <testcase classname="com.swt.ValidatorTest" name="checkRange_TC2" time="0.0"/>
  <testcase classname="com.swt.ValidatorTest" name="checkRange_TC3" time="0.0"/>
  <testcase classname="com.swt.ValidatorTest" name="checkRange_TC4" time="0.0"/>
  <testcase classname="com.swt.ValidatorTest" name="checkRange_TC5" time="0.0"/>
</testsuite> <!-- Surefire test -->
