<?xml version="1.0" encoding="UTF-8"?>
<!-- Generated by org.testng.reporters.JUnitXMLReporter -->
<testsuite ignored="0" hostname="LAPTOP-N8E3DN4O" failures="1" tests="10" name="Surefire test" time="0.113" errors="0" timestamp="2025-05-03T17:13:54 WIB">
  <testcase classname="com.swt.OperationTest" name="add_TC1_posInt" time="0.012"/>
  <testcase classname="com.swt.OperationTest" name="add_TC2_negInt" time="0.001"/>
  <testcase classname="com.swt.OperationTest" name="add_TC3_mixInt" time="0.0"/>
  <testcase classname="com.swt.OperationTest" name="add_TC4_mixDec" time="0.001"/>
  <testcase classname="com.swt.OperationTest" name="add_TC5_zero" time="0.0"/>
  <testcase classname="com.swt.OperationTest" name="mul_TC1_posInt" time="0.001"/>
  <testcase classname="com.swt.OperationTest" name="mul_TC2_negInt" time="0.001"/>
  <testcase classname="com.swt.OperationTest" name="mul_TC3_mixInt" time="0.001"/>
  <testcase classname="com.swt.OperationTest" name="mul_TC4_mixDec" time="0.011">
    <failure type="java.lang.AssertionError" message="expected [-112.6] but found [-111.60000000000001]">
      <![CDATA[java.lang.AssertionError: expected [-112.6] but found [-111.60000000000001]
at com.swt.OperationTest.mul_TC4_mixDec(OperationTest.java:79)
at java.base/java.util.ArrayList.forEach(ArrayList.java:1596)
... Removed 34 stack frames]]>
    </failure>
  </testcase> <!-- mul_TC4_mixDec -->
  <testcase classname="com.swt.OperationTest" name="mul_TC5_zero" time="0.0"/>
</testsuite> <!-- Surefire test -->
