<?xml version="1.0" encoding="UTF-8"?>
<!-- Generated by org.testng.reporters.JUnitXMLReporter -->
<testsuite ignored="0" hostname="LAPTOP-N8E3DN4O" failures="0" tests="5" name="AppModule" time="0.119" errors="0" timestamp="2025-05-04T20:46:22 WIB">
  <testcase classname="com.swt.AppTest" name="main_TC1" time="0.013"/>
  <testcase classname="com.swt.AppTest" name="main_TC2" time="0.011"/>
  <testcase classname="com.swt.AppTest" name="main_TC3" time="0.009"/>
  <testcase classname="com.swt.AppTest" name="main_TC4" time="0.007"/>
  <testcase classname="com.swt.AppTest" name="main_TC5" time="0.007"/>
</testsuite> <!-- AppModule -->
