<?xml version="1.0" encoding="UTF-8"?>
<!-- Generated by org.testng.reporters.JUnitXMLReporter -->
<testsuite ignored="0" hostname="LAPTOP-N8E3DN4O" failures="0" tests="6" name="ResultPrinterModules" time="0.1" errors="0" timestamp="2025-05-04T20:46:22 WIB">
  <testcase classname="com.swt.ResultPrinterTest" name="printError_TC1" time="0.01"/>
  <testcase classname="com.swt.ResultPrinterTest" name="printError_TC2" time="0.004"/>
  <testcase classname="com.swt.ResultPrinterTest" name="printError_TC3" time="0.005"/>
  <testcase classname="com.swt.ResultPrinterTest" name="printError_TC4" time="0.006"/>
  <testcase classname="com.swt.ResultPrinterTest" name="printError_TC5" time="0.006"/>
  <testcase classname="com.swt.ResultPrinterTest" name="printResult_TC1" time="0.006"/>
</testsuite> <!-- ResultPrinterModules -->
