-------------------------------------------------------------------------------
Test set: com.swt.AppTest
-------------------------------------------------------------------------------
Tests run: 1, Failures: 1, Errors: 0, Skipped: 0, Time elapsed: 0.059 s <<< FAILURE! - in com.swt.AppTest
com.swt.AppTest.testAddition  Time elapsed: 0.038 s  <<< FAILURE!
org.opentest4j.AssertionFailedError: 5 + 3 = 8.0 ==> expected: <8.0> but was: <2.0>
	at com.swt.AppTest.testAddition(AppTest.java:14)

