<?xml version="1.0" encoding="UTF-8"?>
<testsuite xmlns:xsi="http://www.w3.org/2001/XMLSchema-instance" xsi:noNamespaceSchemaLocation="https://maven.apache.org/surefire/maven-surefire-plugin/xsd/surefire-test-report-3.0.xsd" version="3.0" name="TestSuite" time="1.007" tests="30" errors="0" skipped="0" failures="0">
  <properties>
[...]
</properties>
  <testcase name="compute_TC1" classname="com.swt.ComputationTest" time="0.01">
    <system-err><![CDATA[SLF4J(W): No SLF4J providers were found.
SLF4J(W): Defaulting to no-operation (NOP) logger implementation
SLF4J(W): See https://www.slf4j.org/codes.html#noProviders for further details.
]]></system-err>
  </testcase>
  <testcase name="compute_TC2" classname="com.swt.ComputationTest" time="0"/>
  <testcase name="compute_TC3" classname="com.swt.ComputationTest" time="0.001"/>
  <testcase name="compute_TC4" classname="com.swt.ComputationTest" time="0"/>
  <testcase name="compute_TC5" classname="com.swt.ComputationTest" time="0"/>
  <testcase name="add_TC1_posInt" classname="com.swt.OperationTest" time="0"/>
  <testcase name="add_TC2_negInt" classname="com.swt.OperationTest" time="0"/>
  <testcase name="add_TC3_mixInt" classname="com.swt.OperationTest" time="0"/>
  <testcase name="add_TC4_mixDec" classname="com.swt.OperationTest" time="0"/>
  <testcase name="add_TC5_zero" classname="com.swt.OperationTest" time="0"/>
  <testcase name="mul_TC1_posInt" classname="com.swt.OperationTest" time="0.001"/>
  <testcase name="mul_TC2_negInt" classname="com.swt.OperationTest" time="0.001"/>
  <testcase name="mul_TC3_mixInt" classname="com.swt.OperationTest" time="0"/>
  <testcase name="mul_TC4_mixDec" classname="com.swt.OperationTest" time="0"/>
  <testcase name="mul_TC5_zero" classname="com.swt.OperationTest" time="0"/>
  <testcase name="printError_TC1" classname="com.swt.ResultPrinterTest" time="0.005"/>
  <testcase name="printError_TC2" classname="com.swt.ResultPrinterTest" time="0.001"/>
  <testcase name="printError_TC3" classname="com.swt.ResultPrinterTest" time="0.001"/>
  <testcase name="printError_TC4" classname="com.swt.ResultPrinterTest" time="0.001"/>
  <testcase name="printError_TC5" classname="com.swt.ResultPrinterTest" time="0.001"/>
  <testcase name="checkOperator_TC1" classname="com.swt.ValidatorTest" time="0"/>
  <testcase name="checkOperator_TC2" classname="com.swt.ValidatorTest" time="0.001"/>
  <testcase name="checkOperator_TC3" classname="com.swt.ValidatorTest" time="0.001"/>
  <testcase name="checkOperator_TC4" classname="com.swt.ValidatorTest" time="0"/>
  <testcase name="checkOperator_TC5" classname="com.swt.ValidatorTest" time="0"/>
  <testcase name="checkRange_TC1" classname="com.swt.ValidatorTest" time="0.001"/>
  <testcase name="checkRange_TC2" classname="com.swt.ValidatorTest" time="0"/>
  <testcase name="checkRange_TC3" classname="com.swt.ValidatorTest" time="0"/>
  <testcase name="checkRange_TC4" classname="com.swt.ValidatorTest" time="0.001"/>
  <testcase name="checkRange_TC5" classname="com.swt.ValidatorTest" time="0"/>
</testsuite>