<?xml version="1.0" encoding="UTF-8"?>
<testsuite xmlns:xsi="http://www.w3.org/2001/XMLSchema-instance" xsi:noNamespaceSchemaLocation="https://maven.apache.org/surefire/maven-surefire-plugin/xsd/surefire-test-report-3.0.xsd" version="3.0" name="TestSuite" time="2.54" tests="54" errors="0" skipped="0" failures="1">
  <properties>
[...]
</properties>
  <testcase name="add_TC1_posInt" classname="com.swt.OperationTest" time="0.259">
    <failure message="expected [163.0] but found [162.0]" type="java.lang.AssertionError"><![CDATA[java.lang.AssertionError: expected [163.0] but found [162.0]
	at com.swt.OperationTest.add_TC1_posInt(OperationTest.java:14)
]]></failure>
    <system-err><![CDATA[SLF4J(W): No SLF4J providers were found.
SLF4J(W): Defaulting to no-operation (NOP) logger implementation
SLF4J(W): See https://www.slf4j.org/codes.html#noProviders for further details.
]]></system-err>
  </testcase>
  <testcase name="add_TC2_negInt" classname="com.swt.OperationTest" time="0.009"/>
  <testcase name="add_TC3_mixInt" classname="com.swt.OperationTest" time="0.006"/>
  <testcase name="add_TC4_mixDec" classname="com.swt.OperationTest" time="0.006"/>
  <testcase name="add_TC5_zero" classname="com.swt.OperationTest" time="0.007"/>
  <testcase name="div_TC1_posInt" classname="com.swt.OperationTest" time="0.007"/>
  <testcase name="div_TC2_negInt" classname="com.swt.OperationTest" time="0.005"/>
  <testcase name="div_TC3_mixInt" classname="com.swt.OperationTest" time="0.006"/>
  <testcase name="div_TC4_posFloat" classname="com.swt.OperationTest" time="0.005"/>
  <testcase name="div_TC5_negFloat" classname="com.swt.OperationTest" time="0.006"/>
  <testcase name="div_TC6_mixFloat" classname="com.swt.OperationTest" time="0.006"/>
  <testcase name="mul_TC1_posInt" classname="com.swt.OperationTest" time="0.006"/>
  <testcase name="mul_TC2_negInt" classname="com.swt.OperationTest" time="0.006"/>
  <testcase name="mul_TC3_mixInt" classname="com.swt.OperationTest" time="0.005"/>
  <testcase name="mul_TC4_mixDec" classname="com.swt.OperationTest" time="0.006"/>
  <testcase name="mul_TC5_zero" classname="com.swt.OperationTest" time="0.005"/>
  <testcase name="sub_TC1_posInt" classname="com.swt.OperationTest" time="0.006"/>
  <testcase name="sub_TC2_negInt" classname="com.swt.OperationTest" time="0.006"/>
  <testcase name="sub_TC3_mixInt" classname="com.swt.OperationTest" time="0.004"/>
  <testcase name="sub_TC4_posFloat" classname="com.swt.OperationTest" time="0.006"/>
  <testcase name="sub_TC5_negFloat" classname="com.swt.OperationTest" time="0.006"/>
  <testcase name="sub_TC6_mixFloat" classname="com.swt.OperationTest" time="0.007"/>
  <testcase name="sub_TC7_zero" classname="com.swt.OperationTest" time="0.005"/>
  <testcase name="checkDivisor_TC1" classname="com.swt.ValidatorTest" time="0.006"/>
  <testcase name="checkDivisor_TC2" classname="com.swt.ValidatorTest" time="0.005"/>
  <testcase name="checkNumeric_TC1" classname="com.swt.ValidatorTest" time="0.005"/>
  <testcase name="checkNumeric_TC2" classname="com.swt.ValidatorTest" time="0.007"/>
  <testcase name="checkNumeric_TC3" classname="com.swt.ValidatorTest" time="0.006"/>
  <testcase name="checkOperator_TC1" classname="com.swt.ValidatorTest" time="0.006"/>
  <testcase name="checkOperator_TC2" classname="com.swt.ValidatorTest" time="0.006"/>
  <testcase name="checkOperator_TC3" classname="com.swt.ValidatorTest" time="0.006"/>
  <testcase name="checkOperator_TC4" classname="com.swt.ValidatorTest" time="0.005"/>
  <testcase name="checkOperator_TC5" classname="com.swt.ValidatorTest" time="0.004"/>
  <testcase name="checkRange_TC1" classname="com.swt.ValidatorTest" time="0.006"/>
  <testcase name="checkRange_TC2" classname="com.swt.ValidatorTest" time="0.005"/>
  <testcase name="checkRange_TC3" classname="com.swt.ValidatorTest" time="0.006"/>
  <testcase name="checkRange_TC4" classname="com.swt.ValidatorTest" time="0.006"/>
  <testcase name="checkRange_TC5" classname="com.swt.ValidatorTest" time="0.006"/>
  <testcase name="compute_TC1" classname="com.swt.ComputationTest" time="0.007"/>
  <testcase name="compute_TC2" classname="com.swt.ComputationTest" time="0.006"/>
  <testcase name="compute_TC3" classname="com.swt.ComputationTest" time="0.005"/>
  <testcase name="compute_TC4" classname="com.swt.ComputationTest" time="0.006"/>
  <testcase name="compute_TC5" classname="com.swt.ComputationTest" time="0.007"/>
  <testcase name="printError_TC1" classname="com.swt.ResultPrinterTest" time="0.011"/>
  <testcase name="printError_TC2" classname="com.swt.ResultPrinterTest" time="0.007"/>
  <testcase name="printError_TC3" classname="com.swt.ResultPrinterTest" time="0.007"/>
  <testcase name="printError_TC4" classname="com.swt.ResultPrinterTest" time="0.008"/>
  <testcase name="printError_TC5" classname="com.swt.ResultPrinterTest" time="0.008"/>
  <testcase name="printResult_TC1" classname="com.swt.ResultPrinterTest" time="0.01"/>
  <testcase name="main_TC1" classname="com.swt.AppTest" time="0.018"/>
  <testcase name="main_TC2" classname="com.swt.AppTest" time="0.018"/>
  <testcase name="main_TC3" classname="com.swt.AppTest" time="0.014"/>
  <testcase name="main_TC4" classname="com.swt.AppTest" time="0.009"/>
  <testcase name="main_TC5" classname="com.swt.AppTest" time="0.01"/>
</testsuite>