<?xml version="1.0" encoding="UTF-8"?>
<testng-results ignored="0" total="54" passed="54" failed="0" skipped="0">
  <reporter-output>
  </reporter-output>
  <suite started-at="2025-05-04T17:12:13 WIB" name="Surefire suite" finished-at="2025-05-04T17:12:13 WIB" duration-ms="263">
    <groups>
    </groups>
    <test started-at="2025-05-04T17:12:13 WIB" name="Surefire test" finished-at="2025-05-04T17:12:13 WIB" duration-ms="263">
      <class name="com.swt.AppTest">
        <test-method is-config="true" signature="redirectStreams()[pri:0, instance:com.swt.AppTest@5223e5ee]" started-at="2025-05-04T17:12:13 WIB" name="redirectStreams" finished-at="2025-05-04T17:12:13 WIB" duration-ms="20" status="PASS">
          <reporter-output>
          </reporter-output>
        </test-method> <!-- redirectStreams -->
        <test-method signature="main_TC1()[pri:0, instance:com.swt.AppTest@5223e5ee]" started-at="2025-05-04T17:12:13 WIB" name="main_TC1" finished-at="2025-05-04T17:12:13 WIB" duration-ms="18" status="PASS">
          <reporter-output>
          </reporter-output>
        </test-method> <!-- main_TC1 -->
        <test-method is-config="true" signature="restoreStreams()[pri:0, instance:com.swt.AppTest@5223e5ee]" started-at="2025-05-04T17:12:13 WIB" name="restoreStreams" finished-at="2025-05-04T17:12:13 WIB" duration-ms="2" status="PASS">
          <reporter-output>
          </reporter-output>
        </test-method> <!-- restoreStreams -->
        <test-method is-config="true" signature="redirectStreams()[pri:0, instance:com.swt.AppTest@5223e5ee]" started-at="2025-05-04T17:12:13 WIB" name="redirectStreams" finished-at="2025-05-04T17:12:13 WIB" duration-ms="0" status="PASS">
          <reporter-output>
          </reporter-output>
        </test-method> <!-- redirectStreams -->
        <test-method signature="main_TC2()[pri:0, instance:com.swt.AppTest@5223e5ee]" started-at="2025-05-04T17:12:13 WIB" name="main_TC2" finished-at="2025-05-04T17:12:13 WIB" duration-ms="4" status="PASS">
          <reporter-output>
          </reporter-output>
        </test-method> <!-- main_TC2 -->
        <test-method is-config="true" signature="restoreStreams()[pri:0, instance:com.swt.AppTest@5223e5ee]" started-at="2025-05-04T17:12:13 WIB" name="restoreStreams" finished-at="2025-05-04T17:12:13 WIB" duration-ms="1" status="PASS">
          <reporter-output>
          </reporter-output>
        </test-method> <!-- restoreStreams -->
        <test-method is-config="true" signature="redirectStreams()[pri:0, instance:com.swt.AppTest@5223e5ee]" started-at="2025-05-04T17:12:13 WIB" name="redirectStreams" finished-at="2025-05-04T17:12:13 WIB" duration-ms="1" status="PASS">
          <reporter-output>
          </reporter-output>
        </test-method> <!-- redirectStreams -->
        <test-method signature="main_TC3()[pri:0, instance:com.swt.AppTest@5223e5ee]" started-at="2025-05-04T17:12:13 WIB" name="main_TC3" finished-at="2025-05-04T17:12:13 WIB" duration-ms="3" status="PASS">
          <reporter-output>
          </reporter-output>
        </test-method> <!-- main_TC3 -->
        <test-method is-config="true" signature="restoreStreams()[pri:0, instance:com.swt.AppTest@5223e5ee]" started-at="2025-05-04T17:12:13 WIB" name="restoreStreams" finished-at="2025-05-04T17:12:13 WIB" duration-ms="0" status="PASS">
          <reporter-output>
          </reporter-output>
        </test-method> <!-- restoreStreams -->
        <test-method is-config="true" signature="redirectStreams()[pri:0, instance:com.swt.AppTest@5223e5ee]" started-at="2025-05-04T17:12:13 WIB" name="redirectStreams" finished-at="2025-05-04T17:12:13 WIB" duration-ms="1" status="PASS">
          <reporter-output>
          </reporter-output>
        </test-method> <!-- redirectStreams -->
        <test-method signature="main_TC4()[pri:0, instance:com.swt.AppTest@5223e5ee]" started-at="2025-05-04T17:12:13 WIB" name="main_TC4" finished-at="2025-05-04T17:12:13 WIB" duration-ms="2" status="PASS">
          <reporter-output>
          </reporter-output>
        </test-method> <!-- main_TC4 -->
        <test-method is-config="true" signature="restoreStreams()[pri:0, instance:com.swt.AppTest@5223e5ee]" started-at="2025-05-04T17:12:13 WIB" name="restoreStreams" finished-at="2025-05-04T17:12:13 WIB" duration-ms="1" status="PASS">
          <reporter-output>
          </reporter-output>
        </test-method> <!-- restoreStreams -->
        <test-method is-config="true" signature="redirectStreams()[pri:0, instance:com.swt.AppTest@5223e5ee]" started-at="2025-05-04T17:12:13 WIB" name="redirectStreams" finished-at="2025-05-04T17:12:13 WIB" duration-ms="1" status="PASS">
          <reporter-output>
          </reporter-output>
        </test-method> <!-- redirectStreams -->
        <test-method signature="main_TC5()[pri:0, instance:com.swt.AppTest@5223e5ee]" started-at="2025-05-04T17:12:13 WIB" name="main_TC5" finished-at="2025-05-04T17:12:13 WIB" duration-ms="1" status="PASS">
          <reporter-output>
          </reporter-output>
        </test-method> <!-- main_TC5 -->
        <test-method is-config="true" signature="restoreStreams()[pri:0, instance:com.swt.AppTest@5223e5ee]" started-at="2025-05-04T17:12:13 WIB" name="restoreStreams" finished-at="2025-05-04T17:12:13 WIB" duration-ms="1" status="PASS">
          <reporter-output>
          </reporter-output>
        </test-method> <!-- restoreStreams -->
      </class> <!-- com.swt.AppTest -->
      <class name="com.swt.ValidatorTest">
        <test-method signature="checkDivisor_TC1()[pri:0, instance:com.swt.ValidatorTest@50b472aa]" started-at="2025-05-04T17:12:13 WIB" name="checkDivisor_TC1" finished-at="2025-05-04T17:12:13 WIB" duration-ms="1" status="PASS">
          <reporter-output>
          </reporter-output>
        </test-method> <!-- checkDivisor_TC1 -->
        <test-method is-config="true" signature="resetError()[pri:0, instance:com.swt.ValidatorTest@50b472aa]" started-at="2025-05-04T17:12:13 WIB" name="resetError" finished-at="2025-05-04T17:12:13 WIB" duration-ms="0" status="PASS">
          <reporter-output>
          </reporter-output>
        </test-method> <!-- resetError -->
        <test-method signature="checkDivisor_TC2()[pri:0, instance:com.swt.ValidatorTest@50b472aa]" started-at="2025-05-04T17:12:13 WIB" name="checkDivisor_TC2" finished-at="2025-05-04T17:12:13 WIB" duration-ms="0" status="PASS">
          <reporter-output>
          </reporter-output>
        </test-method> <!-- checkDivisor_TC2 -->
        <test-method is-config="true" signature="resetError()[pri:0, instance:com.swt.ValidatorTest@50b472aa]" started-at="2025-05-04T17:12:13 WIB" name="resetError" finished-at="2025-05-04T17:12:13 WIB" duration-ms="0" status="PASS">
          <reporter-output>
          </reporter-output>
        </test-method> <!-- resetError -->
        <test-method signature="checkNumeric_TC1()[pri:0, instance:com.swt.ValidatorTest@50b472aa]" started-at="2025-05-04T17:12:13 WIB" name="checkNumeric_TC1" finished-at="2025-05-04T17:12:13 WIB" duration-ms="1" status="PASS">
          <reporter-output>
          </reporter-output>
        </test-method> <!-- checkNumeric_TC1 -->
        <test-method is-config="true" signature="resetError()[pri:0, instance:com.swt.ValidatorTest@50b472aa]" started-at="2025-05-04T17:12:13 WIB" name="resetError" finished-at="2025-05-04T17:12:13 WIB" duration-ms="0" status="PASS">
          <reporter-output>
          </reporter-output>
        </test-method> <!-- resetError -->
        <test-method is-config="true" signature="resetError()[pri:0, instance:com.swt.ValidatorTest@50b472aa]" started-at="2025-05-04T17:12:13 WIB" name="resetError" finished-at="2025-05-04T17:12:13 WIB" duration-ms="1" status="PASS">
          <reporter-output>
          </reporter-output>
        </test-method> <!-- resetError -->
        <test-method signature="checkNumeric_TC2()[pri:0, instance:com.swt.ValidatorTest@50b472aa]" started-at="2025-05-04T17:12:13 WIB" name="checkNumeric_TC2" finished-at="2025-05-04T17:12:13 WIB" duration-ms="0" status="PASS">
          <reporter-output>
          </reporter-output>
        </test-method> <!-- checkNumeric_TC2 -->
        <test-method signature="checkNumeric_TC3()[pri:0, instance:com.swt.ValidatorTest@50b472aa]" started-at="2025-05-04T17:12:13 WIB" name="checkNumeric_TC3" finished-at="2025-05-04T17:12:13 WIB" duration-ms="0" status="PASS">
          <reporter-output>
          </reporter-output>
        </test-method> <!-- checkNumeric_TC3 -->
        <test-method is-config="true" signature="resetError()[pri:0, instance:com.swt.ValidatorTest@50b472aa]" started-at="2025-05-04T17:12:13 WIB" name="resetError" finished-at="2025-05-04T17:12:13 WIB" duration-ms="0" status="PASS">
          <reporter-output>
          </reporter-output>
        </test-method> <!-- resetError -->
        <test-method signature="checkOperator_TC1()[pri:0, instance:com.swt.ValidatorTest@50b472aa]" started-at="2025-05-04T17:12:13 WIB" name="checkOperator_TC1" finished-at="2025-05-04T17:12:13 WIB" duration-ms="1" status="PASS">
          <reporter-output>
          </reporter-output>
        </test-method> <!-- checkOperator_TC1 -->
        <test-method is-config="true" signature="resetError()[pri:0, instance:com.swt.ValidatorTest@50b472aa]" started-at="2025-05-04T17:12:13 WIB" name="resetError" finished-at="2025-05-04T17:12:13 WIB" duration-ms="0" status="PASS">
          <reporter-output>
          </reporter-output>
        </test-method> <!-- resetError -->
        <test-method is-config="true" signature="resetError()[pri:0, instance:com.swt.ValidatorTest@50b472aa]" started-at="2025-05-04T17:12:13 WIB" name="resetError" finished-at="2025-05-04T17:12:13 WIB" duration-ms="0" status="PASS">
          <reporter-output>
          </reporter-output>
        </test-method> <!-- resetError -->
        <test-method signature="checkOperator_TC2()[pri:0, instance:com.swt.ValidatorTest@50b472aa]" started-at="2025-05-04T17:12:13 WIB" name="checkOperator_TC2" finished-at="2025-05-04T17:12:13 WIB" duration-ms="0" status="PASS">
          <reporter-output>
          </reporter-output>
        </test-method> <!-- checkOperator_TC2 -->
        <test-method signature="checkOperator_TC3()[pri:0, instance:com.swt.ValidatorTest@50b472aa]" started-at="2025-05-04T17:12:13 WIB" name="checkOperator_TC3" finished-at="2025-05-04T17:12:13 WIB" duration-ms="0" status="PASS">
          <reporter-output>
          </reporter-output>
        </test-method> <!-- checkOperator_TC3 -->
        <test-method is-config="true" signature="resetError()[pri:0, instance:com.swt.ValidatorTest@50b472aa]" started-at="2025-05-04T17:12:13 WIB" name="resetError" finished-at="2025-05-04T17:12:13 WIB" duration-ms="0" status="PASS">
          <reporter-output>
          </reporter-output>
        </test-method> <!-- resetError -->
        <test-method signature="checkOperator_TC4()[pri:0, instance:com.swt.ValidatorTest@50b472aa]" started-at="2025-05-04T17:12:13 WIB" name="checkOperator_TC4" finished-at="2025-05-04T17:12:13 WIB" duration-ms="1" status="PASS">
          <reporter-output>
          </reporter-output>
        </test-method> <!-- checkOperator_TC4 -->
        <test-method is-config="true" signature="resetError()[pri:0, instance:com.swt.ValidatorTest@50b472aa]" started-at="2025-05-04T17:12:13 WIB" name="resetError" finished-at="2025-05-04T17:12:13 WIB" duration-ms="0" status="PASS">
          <reporter-output>
          </reporter-output>
        </test-method> <!-- resetError -->
        <test-method signature="checkOperator_TC5()[pri:0, instance:com.swt.ValidatorTest@50b472aa]" started-at="2025-05-04T17:12:13 WIB" name="checkOperator_TC5" finished-at="2025-05-04T17:12:13 WIB" duration-ms="1" status="PASS">
          <reporter-output>
          </reporter-output>
        </test-method> <!-- checkOperator_TC5 -->
        <test-method is-config="true" signature="resetError()[pri:0, instance:com.swt.ValidatorTest@50b472aa]" started-at="2025-05-04T17:12:13 WIB" name="resetError" finished-at="2025-05-04T17:12:13 WIB" duration-ms="0" status="PASS">
          <reporter-output>
          </reporter-output>
        </test-method> <!-- resetError -->
        <test-method signature="checkRange_TC1()[pri:0, instance:com.swt.ValidatorTest@50b472aa]" started-at="2025-05-04T17:12:13 WIB" name="checkRange_TC1" finished-at="2025-05-04T17:12:13 WIB" duration-ms="1" status="PASS">
          <reporter-output>
          </reporter-output>
        </test-method> <!-- checkRange_TC1 -->
        <test-method is-config="true" signature="resetError()[pri:0, instance:com.swt.ValidatorTest@50b472aa]" started-at="2025-05-04T17:12:13 WIB" name="resetError" finished-at="2025-05-04T17:12:13 WIB" duration-ms="0" status="PASS">
          <reporter-output>
          </reporter-output>
        </test-method> <!-- resetError -->
        <test-method signature="checkRange_TC2()[pri:0, instance:com.swt.ValidatorTest@50b472aa]" started-at="2025-05-04T17:12:13 WIB" name="checkRange_TC2" finished-at="2025-05-04T17:12:13 WIB" duration-ms="0" status="PASS">
          <reporter-output>
          </reporter-output>
        </test-method> <!-- checkRange_TC2 -->
        <test-method is-config="true" signature="resetError()[pri:0, instance:com.swt.ValidatorTest@50b472aa]" started-at="2025-05-04T17:12:13 WIB" name="resetError" finished-at="2025-05-04T17:12:13 WIB" duration-ms="0" status="PASS">
          <reporter-output>
          </reporter-output>
        </test-method> <!-- resetError -->
        <test-method signature="checkRange_TC3()[pri:0, instance:com.swt.ValidatorTest@50b472aa]" started-at="2025-05-04T17:12:13 WIB" name="checkRange_TC3" finished-at="2025-05-04T17:12:13 WIB" duration-ms="0" status="PASS">
          <reporter-output>
          </reporter-output>
        </test-method> <!-- checkRange_TC3 -->
        <test-method is-config="true" signature="resetError()[pri:0, instance:com.swt.ValidatorTest@50b472aa]" started-at="2025-05-04T17:12:13 WIB" name="resetError" finished-at="2025-05-04T17:12:13 WIB" duration-ms="0" status="PASS">
          <reporter-output>
          </reporter-output>
        </test-method> <!-- resetError -->
        <test-method signature="checkRange_TC4()[pri:0, instance:com.swt.ValidatorTest@50b472aa]" started-at="2025-05-04T17:12:13 WIB" name="checkRange_TC4" finished-at="2025-05-04T17:12:13 WIB" duration-ms="0" status="PASS">
          <reporter-output>
          </reporter-output>
        </test-method> <!-- checkRange_TC4 -->
        <test-method is-config="true" signature="resetError()[pri:0, instance:com.swt.ValidatorTest@50b472aa]" started-at="2025-05-04T17:12:13 WIB" name="resetError" finished-at="2025-05-04T17:12:13 WIB" duration-ms="0" status="PASS">
          <reporter-output>
          </reporter-output>
        </test-method> <!-- resetError -->
        <test-method signature="checkRange_TC5()[pri:0, instance:com.swt.ValidatorTest@50b472aa]" started-at="2025-05-04T17:12:13 WIB" name="checkRange_TC5" finished-at="2025-05-04T17:12:13 WIB" duration-ms="0" status="PASS">
          <reporter-output>
          </reporter-output>
        </test-method> <!-- checkRange_TC5 -->
        <test-method is-config="true" signature="resetError()[pri:0, instance:com.swt.ValidatorTest@50b472aa]" started-at="2025-05-04T17:12:13 WIB" name="resetError" finished-at="2025-05-04T17:12:13 WIB" duration-ms="0" status="PASS">
          <reporter-output>
          </reporter-output>
        </test-method> <!-- resetError -->
      </class> <!-- com.swt.ValidatorTest -->
      <class name="com.swt.ResultPrinterTest">
        <test-method signature="printError_TC1()[pri:0, instance:com.swt.ResultPrinterTest@6ca8564a]" started-at="2025-05-04T17:12:13 WIB" name="printError_TC1" finished-at="2025-05-04T17:12:13 WIB" duration-ms="2" status="PASS">
          <reporter-output>
          </reporter-output>
        </test-method> <!-- printError_TC1 -->
        <test-method is-config="true" signature="redirectSystemOut()[pri:0, instance:com.swt.ResultPrinterTest@6ca8564a]" started-at="2025-05-04T17:12:13 WIB" name="redirectSystemOut" finished-at="2025-05-04T17:12:13 WIB" duration-ms="0" status="PASS">
          <reporter-output>
          </reporter-output>
        </test-method> <!-- redirectSystemOut -->
        <test-method is-config="true" signature="restoreSystemOut()[pri:0, instance:com.swt.ResultPrinterTest@6ca8564a]" started-at="2025-05-04T17:12:13 WIB" name="restoreSystemOut" finished-at="2025-05-04T17:12:13 WIB" duration-ms="1" status="PASS">
          <reporter-output>
          </reporter-output>
        </test-method> <!-- restoreSystemOut -->
        <test-method is-config="true" signature="redirectSystemOut()[pri:0, instance:com.swt.ResultPrinterTest@6ca8564a]" started-at="2025-05-04T17:12:13 WIB" name="redirectSystemOut" finished-at="2025-05-04T17:12:13 WIB" duration-ms="1" status="PASS">
          <reporter-output>
          </reporter-output>
        </test-method> <!-- redirectSystemOut -->
        <test-method signature="printError_TC2()[pri:0, instance:com.swt.ResultPrinterTest@6ca8564a]" started-at="2025-05-04T17:12:13 WIB" name="printError_TC2" finished-at="2025-05-04T17:12:13 WIB" duration-ms="0" status="PASS">
          <reporter-output>
          </reporter-output>
        </test-method> <!-- printError_TC2 -->
        <test-method is-config="true" signature="restoreSystemOut()[pri:0, instance:com.swt.ResultPrinterTest@6ca8564a]" started-at="2025-05-04T17:12:13 WIB" name="restoreSystemOut" finished-at="2025-05-04T17:12:13 WIB" duration-ms="0" status="PASS">
          <reporter-output>
          </reporter-output>
        </test-method> <!-- restoreSystemOut -->
        <test-method is-config="true" signature="redirectSystemOut()[pri:0, instance:com.swt.ResultPrinterTest@6ca8564a]" started-at="2025-05-04T17:12:13 WIB" name="redirectSystemOut" finished-at="2025-05-04T17:12:13 WIB" duration-ms="1" status="PASS">
          <reporter-output>
          </reporter-output>
        </test-method> <!-- redirectSystemOut -->
        <test-method signature="printError_TC3()[pri:0, instance:com.swt.ResultPrinterTest@6ca8564a]" started-at="2025-05-04T17:12:13 WIB" name="printError_TC3" finished-at="2025-05-04T17:12:13 WIB" duration-ms="0" status="PASS">
          <reporter-output>
          </reporter-output>
        </test-method> <!-- printError_TC3 -->
        <test-method is-config="true" signature="restoreSystemOut()[pri:0, instance:com.swt.ResultPrinterTest@6ca8564a]" started-at="2025-05-04T17:12:13 WIB" name="restoreSystemOut" finished-at="2025-05-04T17:12:13 WIB" duration-ms="0" status="PASS">
          <reporter-output>
          </reporter-output>
        </test-method> <!-- restoreSystemOut -->
        <test-method signature="printError_TC4()[pri:0, instance:com.swt.ResultPrinterTest@6ca8564a]" started-at="2025-05-04T17:12:13 WIB" name="printError_TC4" finished-at="2025-05-04T17:12:13 WIB" duration-ms="1" status="PASS">
          <reporter-output>
          </reporter-output>
        </test-method> <!-- printError_TC4 -->
        <test-method is-config="true" signature="redirectSystemOut()[pri:0, instance:com.swt.ResultPrinterTest@6ca8564a]" started-at="2025-05-04T17:12:13 WIB" name="redirectSystemOut" finished-at="2025-05-04T17:12:13 WIB" duration-ms="0" status="PASS">
          <reporter-output>
          </reporter-output>
        </test-method> <!-- redirectSystemOut -->
        <test-method is-config="true" signature="restoreSystemOut()[pri:0, instance:com.swt.ResultPrinterTest@6ca8564a]" started-at="2025-05-04T17:12:13 WIB" name="restoreSystemOut" finished-at="2025-05-04T17:12:13 WIB" duration-ms="0" status="PASS">
          <reporter-output>
          </reporter-output>
        </test-method> <!-- restoreSystemOut -->
        <test-method signature="printError_TC5()[pri:0, instance:com.swt.ResultPrinterTest@6ca8564a]" started-at="2025-05-04T17:12:13 WIB" name="printError_TC5" finished-at="2025-05-04T17:12:13 WIB" duration-ms="1" status="PASS">
          <reporter-output>
          </reporter-output>
        </test-method> <!-- printError_TC5 -->
        <test-method is-config="true" signature="redirectSystemOut()[pri:0, instance:com.swt.ResultPrinterTest@6ca8564a]" started-at="2025-05-04T17:12:13 WIB" name="redirectSystemOut" finished-at="2025-05-04T17:12:13 WIB" duration-ms="0" status="PASS">
          <reporter-output>
          </reporter-output>
        </test-method> <!-- redirectSystemOut -->
        <test-method is-config="true" signature="restoreSystemOut()[pri:0, instance:com.swt.ResultPrinterTest@6ca8564a]" started-at="2025-05-04T17:12:13 WIB" name="restoreSystemOut" finished-at="2025-05-04T17:12:13 WIB" duration-ms="0" status="PASS">
          <reporter-output>
          </reporter-output>
        </test-method> <!-- restoreSystemOut -->
        <test-method signature="printResult_TC1()[pri:0, instance:com.swt.ResultPrinterTest@6ca8564a]" started-at="2025-05-04T17:12:13 WIB" name="printResult_TC1" finished-at="2025-05-04T17:12:13 WIB" duration-ms="1" status="PASS">
          <reporter-output>
          </reporter-output>
        </test-method> <!-- printResult_TC1 -->
        <test-method is-config="true" signature="redirectSystemOut()[pri:0, instance:com.swt.ResultPrinterTest@6ca8564a]" started-at="2025-05-04T17:12:13 WIB" name="redirectSystemOut" finished-at="2025-05-04T17:12:13 WIB" duration-ms="0" status="PASS">
          <reporter-output>
          </reporter-output>
        </test-method> <!-- redirectSystemOut -->
        <test-method is-config="true" signature="restoreSystemOut()[pri:0, instance:com.swt.ResultPrinterTest@6ca8564a]" started-at="2025-05-04T17:12:13 WIB" name="restoreSystemOut" finished-at="2025-05-04T17:12:13 WIB" duration-ms="0" status="PASS">
          <reporter-output>
          </reporter-output>
        </test-method> <!-- restoreSystemOut -->
      </class> <!-- com.swt.ResultPrinterTest -->
      <class name="com.swt.ComputationTest">
        <test-method signature="compute_TC1()[pri:0, instance:com.swt.ComputationTest@50a638b5]" started-at="2025-05-04T17:12:13 WIB" name="compute_TC1" finished-at="2025-05-04T17:12:13 WIB" duration-ms="2" status="PASS">
          <reporter-output>
          </reporter-output>
        </test-method> <!-- compute_TC1 -->
        <test-method signature="compute_TC2()[pri:0, instance:com.swt.ComputationTest@50a638b5]" started-at="2025-05-04T17:12:13 WIB" name="compute_TC2" finished-at="2025-05-04T17:12:13 WIB" duration-ms="0" status="PASS">
          <reporter-output>
          </reporter-output>
        </test-method> <!-- compute_TC2 -->
        <test-method signature="compute_TC3()[pri:0, instance:com.swt.ComputationTest@50a638b5]" started-at="2025-05-04T17:12:13 WIB" name="compute_TC3" finished-at="2025-05-04T17:12:13 WIB" duration-ms="1" status="PASS">
          <reporter-output>
          </reporter-output>
        </test-method> <!-- compute_TC3 -->
        <test-method signature="compute_TC4()[pri:0, instance:com.swt.ComputationTest@50a638b5]" started-at="2025-05-04T17:12:13 WIB" name="compute_TC4" finished-at="2025-05-04T17:12:13 WIB" duration-ms="1" status="PASS">
          <reporter-output>
          </reporter-output>
        </test-method> <!-- compute_TC4 -->
        <test-method signature="compute_TC5()[pri:0, instance:com.swt.ComputationTest@50a638b5]" started-at="2025-05-04T17:12:13 WIB" name="compute_TC5" finished-at="2025-05-04T17:12:13 WIB" duration-ms="0" status="PASS">
          <reporter-output>
          </reporter-output>
        </test-method> <!-- compute_TC5 -->
      </class> <!-- com.swt.ComputationTest -->
      <class name="com.swt.OperationTest">
        <test-method signature="add_TC1_posInt()[pri:0, instance:com.swt.OperationTest@1817d444]" started-at="2025-05-04T17:12:13 WIB" name="add_TC1_posInt" finished-at="2025-05-04T17:12:13 WIB" duration-ms="1" status="PASS">
          <reporter-output>
          </reporter-output>
        </test-method> <!-- add_TC1_posInt -->
        <test-method signature="add_TC2_negInt()[pri:0, instance:com.swt.OperationTest@1817d444]" started-at="2025-05-04T17:12:13 WIB" name="add_TC2_negInt" finished-at="2025-05-04T17:12:13 WIB" duration-ms="1" status="PASS">
          <reporter-output>
          </reporter-output>
        </test-method> <!-- add_TC2_negInt -->
        <test-method signature="add_TC3_mixInt()[pri:0, instance:com.swt.OperationTest@1817d444]" started-at="2025-05-04T17:12:13 WIB" name="add_TC3_mixInt" finished-at="2025-05-04T17:12:13 WIB" duration-ms="1" status="PASS">
          <reporter-output>
          </reporter-output>
        </test-method> <!-- add_TC3_mixInt -->
        <test-method signature="add_TC4_mixDec()[pri:0, instance:com.swt.OperationTest@1817d444]" started-at="2025-05-04T17:12:13 WIB" name="add_TC4_mixDec" finished-at="2025-05-04T17:12:13 WIB" duration-ms="1" status="PASS">
          <reporter-output>
          </reporter-output>
        </test-method> <!-- add_TC4_mixDec -->
        <test-method signature="add_TC5_zero()[pri:0, instance:com.swt.OperationTest@1817d444]" started-at="2025-05-04T17:12:13 WIB" name="add_TC5_zero" finished-at="2025-05-04T17:12:13 WIB" duration-ms="1" status="PASS">
          <reporter-output>
          </reporter-output>
        </test-method> <!-- add_TC5_zero -->
        <test-method signature="div_TC1_posInt()[pri:0, instance:com.swt.OperationTest@1817d444]" started-at="2025-05-04T17:12:13 WIB" name="div_TC1_posInt" finished-at="2025-05-04T17:12:13 WIB" duration-ms="0" status="PASS">
          <reporter-output>
          </reporter-output>
        </test-method> <!-- div_TC1_posInt -->
        <test-method signature="div_TC2_negInt()[pri:0, instance:com.swt.OperationTest@1817d444]" started-at="2025-05-04T17:12:13 WIB" name="div_TC2_negInt" finished-at="2025-05-04T17:12:13 WIB" duration-ms="0" status="PASS">
          <reporter-output>
          </reporter-output>
        </test-method> <!-- div_TC2_negInt -->
        <test-method signature="div_TC3_mixInt()[pri:0, instance:com.swt.OperationTest@1817d444]" started-at="2025-05-04T17:12:13 WIB" name="div_TC3_mixInt" finished-at="2025-05-04T17:12:13 WIB" duration-ms="0" status="PASS">
          <reporter-output>
          </reporter-output>
        </test-method> <!-- div_TC3_mixInt -->
        <test-method signature="div_TC4_posFloat()[pri:0, instance:com.swt.OperationTest@1817d444]" started-at="2025-05-04T17:12:13 WIB" name="div_TC4_posFloat" finished-at="2025-05-04T17:12:13 WIB" duration-ms="0" status="PASS">
          <reporter-output>
          </reporter-output>
        </test-method> <!-- div_TC4_posFloat -->
        <test-method signature="div_TC5_negFloat()[pri:0, instance:com.swt.OperationTest@1817d444]" started-at="2025-05-04T17:12:13 WIB" name="div_TC5_negFloat" finished-at="2025-05-04T17:12:13 WIB" duration-ms="0" status="PASS">
          <reporter-output>
          </reporter-output>
        </test-method> <!-- div_TC5_negFloat -->
        <test-method signature="div_TC6_mixFloat()[pri:0, instance:com.swt.OperationTest@1817d444]" started-at="2025-05-04T17:12:13 WIB" name="div_TC6_mixFloat" finished-at="2025-05-04T17:12:13 WIB" duration-ms="1" status="PASS">
          <reporter-output>
          </reporter-output>
        </test-method> <!-- div_TC6_mixFloat -->
        <test-method signature="mul_TC1_posInt()[pri:0, instance:com.swt.OperationTest@1817d444]" started-at="2025-05-04T17:12:13 WIB" name="mul_TC1_posInt" finished-at="2025-05-04T17:12:13 WIB" duration-ms="1" status="PASS">
          <reporter-output>
          </reporter-output>
        </test-method> <!-- mul_TC1_posInt -->
        <test-method signature="mul_TC2_negInt()[pri:0, instance:com.swt.OperationTest@1817d444]" started-at="2025-05-04T17:12:13 WIB" name="mul_TC2_negInt" finished-at="2025-05-04T17:12:13 WIB" duration-ms="0" status="PASS">
          <reporter-output>
          </reporter-output>
        </test-method> <!-- mul_TC2_negInt -->
        <test-method signature="mul_TC3_mixInt()[pri:0, instance:com.swt.OperationTest@1817d444]" started-at="2025-05-04T17:12:13 WIB" name="mul_TC3_mixInt" finished-at="2025-05-04T17:12:13 WIB" duration-ms="0" status="PASS">
          <reporter-output>
          </reporter-output>
        </test-method> <!-- mul_TC3_mixInt -->
        <test-method signature="mul_TC4_mixDec()[pri:0, instance:com.swt.OperationTest@1817d444]" started-at="2025-05-04T17:12:13 WIB" name="mul_TC4_mixDec" finished-at="2025-05-04T17:12:13 WIB" duration-ms="0" status="PASS">
          <reporter-output>
          </reporter-output>
        </test-method> <!-- mul_TC4_mixDec -->
        <test-method signature="mul_TC5_zero()[pri:0, instance:com.swt.OperationTest@1817d444]" started-at="2025-05-04T17:12:13 WIB" name="mul_TC5_zero" finished-at="2025-05-04T17:12:13 WIB" duration-ms="0" status="PASS">
          <reporter-output>
          </reporter-output>
        </test-method> <!-- mul_TC5_zero -->
        <test-method signature="sub_TC1_posInt()[pri:0, instance:com.swt.OperationTest@1817d444]" started-at="2025-05-04T17:12:13 WIB" name="sub_TC1_posInt" finished-at="2025-05-04T17:12:13 WIB" duration-ms="0" status="PASS">
          <reporter-output>
          </reporter-output>
        </test-method> <!-- sub_TC1_posInt -->
        <test-method signature="sub_TC3_mixInt()[pri:0, instance:com.swt.OperationTest@1817d444]" started-at="2025-05-04T17:12:13 WIB" name="sub_TC3_mixInt" finished-at="2025-05-04T17:12:13 WIB" duration-ms="1" status="PASS">
          <reporter-output>
          </reporter-output>
        </test-method> <!-- sub_TC3_mixInt -->
        <test-method signature="sub_TC2_negInt()[pri:0, instance:com.swt.OperationTest@1817d444]" started-at="2025-05-04T17:12:13 WIB" name="sub_TC2_negInt" finished-at="2025-05-04T17:12:13 WIB" duration-ms="0" status="PASS">
          <reporter-output>
          </reporter-output>
        </test-method> <!-- sub_TC2_negInt -->
        <test-method signature="sub_TC4_posFloat()[pri:0, instance:com.swt.OperationTest@1817d444]" started-at="2025-05-04T17:12:13 WIB" name="sub_TC4_posFloat" finished-at="2025-05-04T17:12:13 WIB" duration-ms="0" status="PASS">
          <reporter-output>
          </reporter-output>
        </test-method> <!-- sub_TC4_posFloat -->
        <test-method signature="sub_TC5_negFloat()[pri:0, instance:com.swt.OperationTest@1817d444]" started-at="2025-05-04T17:12:13 WIB" name="sub_TC5_negFloat" finished-at="2025-05-04T17:12:13 WIB" duration-ms="0" status="PASS">
          <reporter-output>
          </reporter-output>
        </test-method> <!-- sub_TC5_negFloat -->
        <test-method signature="sub_TC6_mixFloat()[pri:0, instance:com.swt.OperationTest@1817d444]" started-at="2025-05-04T17:12:13 WIB" name="sub_TC6_mixFloat" finished-at="2025-05-04T17:12:13 WIB" duration-ms="0" status="PASS">
          <reporter-output>
          </reporter-output>
        </test-method> <!-- sub_TC6_mixFloat -->
        <test-method signature="sub_TC7_zero()[pri:0, instance:com.swt.OperationTest@1817d444]" started-at="2025-05-04T17:12:13 WIB" name="sub_TC7_zero" finished-at="2025-05-04T17:12:13 WIB" duration-ms="1" status="PASS">
          <reporter-output>
          </reporter-output>
        </test-method> <!-- sub_TC7_zero -->
      </class> <!-- com.swt.OperationTest -->
    </test> <!-- Surefire test -->
  </suite> <!-- Surefire suite -->
</testng-results>
