<?xml version="1.0" encoding="UTF-8"?>
<testsuite xmlns:xsi="http://www.w3.org/2001/XMLSchema-instance" xsi:noNamespaceSchemaLocation="https://maven.apache.org/surefire/maven-surefire-plugin/xsd/surefire-test-report-3.0.xsd" version="3.0" name="com.swt.AppTest" time="0.059" tests="1" errors="0" skipped="0" failures="1">
  <properties>
[...]
</properties>
  <testcase name="testAddition" classname="com.swt.AppTest" time="0.038">
    <failure type="org.opentest4j.AssertionFailedError"><![CDATA[org.opentest4j.AssertionFailedError: 5 + 3 = 8.0 ==> expected: <8.0> but was: <2.0>
	at com.swt.AppTest.testAddition(AppTest.java:14)
]]></failure>
  </testcase>
</testsuite>